d:\作业\24秋\计算机图形学\qtopengldemo\qtopengldemo\x64\debug\vc143.pdb
d:\作业\24秋\计算机图形学\qtopengldemo\qtopengldemo\x64\debug\qrc_qtopengldemo.obj
d:\作业\24秋\计算机图形学\qtopengldemo\qtopengldemo\x64\debug\openglwidget.obj
d:\作业\24秋\计算机图形学\qtopengldemo\qtopengldemo\x64\debug\camera.obj
d:\作业\24秋\计算机图形学\qtopengldemo\qtopengldemo\x64\debug\main.obj
d:\作业\24秋\计算机图形学\qtopengldemo\qtopengldemo\x64\debug\qtopengldemo.obj
d:\作业\24秋\计算机图形学\qtopengldemo\qtopengldemo\x64\debug\moc_openglwidget.obj
d:\作业\24秋\计算机图形学\qtopengldemo\qtopengldemo\x64\debug\moc_qtopengldemo.obj
d:\作业\24秋\计算机图形学\qtopengldemo\x64\debug\qtopengldemo.exe
d:\作业\24秋\计算机图形学\qtopengldemo\x64\debug\qtopengldemo.pdb
d:\作业\24秋\计算机图形学\qtopengldemo\qtopengldemo\x64\debug\moc\moc_qtopengldemo.cpp
d:\作业\24秋\计算机图形学\qtopengldemo\qtopengldemo\x64\debug\uic\ui_qtopengldemo.h
d:\作业\24秋\计算机图形学\qtopengldemo\qtopengldemo\x64\debug\rcc\qrc_qtopengldemo.cpp
d:\作业\24秋\计算机图形学\qtopengldemo\qtopengldemo\x64\debug\moc\moc_openglwidget.cpp
d:\作业\24秋\计算机图形学\qtopengldemo\x64\debug\qtopengldemo.ilk
d:\作业\24秋\计算机图形学\qtopengldemo\qtopengldemo\x64\debug\qtopengldemo.tlog\cl.command.1.tlog
d:\作业\24秋\计算机图形学\qtopengldemo\qtopengldemo\x64\debug\qtopengldemo.tlog\cl.items.tlog
d:\作业\24秋\计算机图形学\qtopengldemo\qtopengldemo\x64\debug\qtopengldemo.tlog\cl.read.1.tlog
d:\作业\24秋\计算机图形学\qtopengldemo\qtopengldemo\x64\debug\qtopengldemo.tlog\cl.write.1.tlog
d:\作业\24秋\计算机图形学\qtopengldemo\qtopengldemo\x64\debug\qtopengldemo.tlog\link.command.1.tlog
d:\作业\24秋\计算机图形学\qtopengldemo\qtopengldemo\x64\debug\qtopengldemo.tlog\link.read.1.tlog
d:\作业\24秋\计算机图形学\qtopengldemo\qtopengldemo\x64\debug\qtopengldemo.tlog\link.secondary.1.tlog
d:\作业\24秋\计算机图形学\qtopengldemo\qtopengldemo\x64\debug\qtopengldemo.tlog\link.write.1.tlog
d:\作业\24秋\计算机图形学\qtopengldemo\qtopengldemo\x64\debug\qtopengldemo.tlog\moc.read.1u.tlog
d:\作业\24秋\计算机图形学\qtopengldemo\qtopengldemo\x64\debug\qtopengldemo.tlog\moc.write.1u.tlog
d:\作业\24秋\计算机图形学\qtopengldemo\qtopengldemo\x64\debug\qtopengldemo.tlog\qtopengldemo.write.1u.tlog
d:\作业\24秋\计算机图形学\qtopengldemo\qtopengldemo\x64\debug\qtopengldemo.tlog\rcc.read.1u.tlog
d:\作业\24秋\计算机图形学\qtopengldemo\qtopengldemo\x64\debug\qtopengldemo.tlog\rcc.write.1u.tlog
d:\作业\24秋\计算机图形学\qtopengldemo\qtopengldemo\x64\debug\qtopengldemo.tlog\uic.read.1u.tlog
d:\作业\24秋\计算机图形学\qtopengldemo\qtopengldemo\x64\debug\qtopengldemo.tlog\uic.write.1u.tlog
