d:\作业\24秋\计算机图形学\qtopengldemo\qtopengldemo\x64\release\qrc_qtopengldemo.obj
d:\作业\24秋\计算机图形学\qtopengldemo\qtopengldemo\x64\release\qtopengldemo.obj
d:\作业\24秋\计算机图形学\qtopengldemo\qtopengldemo\x64\release\main.obj
d:\作业\24秋\计算机图形学\qtopengldemo\qtopengldemo\x64\release\openglwidget.obj
d:\作业\24秋\计算机图形学\qtopengldemo\qtopengldemo\x64\release\camera.obj
d:\作业\24秋\计算机图形学\qtopengldemo\qtopengldemo\x64\release\moc_qtopengldemo.obj
d:\作业\24秋\计算机图形学\qtopengldemo\qtopengldemo\x64\release\moc_openglwidget.obj
d:\作业\24秋\计算机图形学\qtopengldemo\x64\release\qtopengldemo.exe
d:\作业\24秋\计算机图形学\qtopengldemo\qtopengldemo\x64\release\moc\moc_qtopengldemo.cpp
d:\作业\24秋\计算机图形学\qtopengldemo\qtopengldemo\x64\release\moc\moc_openglwidget.cpp
d:\作业\24秋\计算机图形学\qtopengldemo\qtopengldemo\x64\release\uic\ui_qtopengldemo.h
d:\作业\24秋\计算机图形学\qtopengldemo\qtopengldemo\x64\release\rcc\qrc_qtopengldemo.cpp
d:\作业\24秋\计算机图形学\qtopengldemo\qtopengldemo\x64\release\qtopengldemo.tlog\cl.command.1.tlog
d:\作业\24秋\计算机图形学\qtopengldemo\qtopengldemo\x64\release\qtopengldemo.tlog\cl.items.tlog
d:\作业\24秋\计算机图形学\qtopengldemo\qtopengldemo\x64\release\qtopengldemo.tlog\cl.read.1.tlog
d:\作业\24秋\计算机图形学\qtopengldemo\qtopengldemo\x64\release\qtopengldemo.tlog\cl.write.1.tlog
d:\作业\24秋\计算机图形学\qtopengldemo\qtopengldemo\x64\release\qtopengldemo.tlog\link.command.1.tlog
d:\作业\24秋\计算机图形学\qtopengldemo\qtopengldemo\x64\release\qtopengldemo.tlog\link.read.1.tlog
d:\作业\24秋\计算机图形学\qtopengldemo\qtopengldemo\x64\release\qtopengldemo.tlog\link.secondary.1.tlog
d:\作业\24秋\计算机图形学\qtopengldemo\qtopengldemo\x64\release\qtopengldemo.tlog\link.write.1.tlog
d:\作业\24秋\计算机图形学\qtopengldemo\qtopengldemo\x64\release\qtopengldemo.tlog\moc.read.1u.tlog
d:\作业\24秋\计算机图形学\qtopengldemo\qtopengldemo\x64\release\qtopengldemo.tlog\moc.write.1u.tlog
d:\作业\24秋\计算机图形学\qtopengldemo\qtopengldemo\x64\release\qtopengldemo.tlog\qtopengldemo.write.1u.tlog
d:\作业\24秋\计算机图形学\qtopengldemo\qtopengldemo\x64\release\qtopengldemo.tlog\rcc.read.1u.tlog
d:\作业\24秋\计算机图形学\qtopengldemo\qtopengldemo\x64\release\qtopengldemo.tlog\rcc.write.1u.tlog
d:\作业\24秋\计算机图形学\qtopengldemo\qtopengldemo\x64\release\qtopengldemo.tlog\uic.read.1u.tlog
d:\作业\24秋\计算机图形学\qtopengldemo\qtopengldemo\x64\release\qtopengldemo.tlog\uic.write.1u.tlog
